2026-04-06 12:16:50,963 - __main__ - INFO - Generating 50000 rows of realistic ad data...
2026-04-06 12:16:51,025 - __main__ - INFO - Overall CTR: 3.34%
2026-04-06 12:16:51,039 - __main__ - INFO - Mobile CTR: 4.18%
2026-04-06 12:16:51,194 - __main__ - INFO - Raw data successfully saved to data/raw/raw_impressions.parquet
2026-04-06 12:16:52,165 - __main__ - INFO - Initializing PySpark Session...
2026-04-06 12:17:02,132 - __main__ - INFO - Reading raw data from data/raw/raw_impressions.parquet...
2026-04-06 12:17:06,397 - __main__ - INFO - Extracting features and applying transformations...
2026-04-06 12:17:06,626 - __main__ - INFO - Writing processed features to data/processed/features.parquet...
2026-04-06 12:17:10,393 - __main__ - INFO - PySpark ETL complete.
2026-04-06 12:17:14,734 - __main__ - INFO - Loading processed data...
2026-04-06 12:17:15,320 - __main__ - INFO - Starting MLflow run and training XGBoost model...
2026-04-06 12:17:15,949 - __main__ - INFO - Model trained. Metrics: {'accuracy': 0.9672, 'roc_auc': 0.6312307402307894, 'precision': 0.0}
2026-04-06 12:17:19,204 - __main__ - INFO - Model saved to MLflow.
2026-04-06 12:18:13,342 - src.api.main - INFO - Successfully loaded latest MLflow model.
2026-04-06 12:28:12,490 - src.api.main - INFO - Successfully loaded latest MLflow model.
2026-04-06 13:16:06,314 - __main__ - INFO - Generating 50000 rows of realistic ad data...
2026-04-06 13:16:06,336 - __main__ - INFO - Overall CTR: 3.34%
2026-04-06 13:16:06,342 - __main__ - INFO - Mobile CTR: 4.18%
2026-04-06 13:16:06,470 - __main__ - INFO - Raw data successfully saved to data/raw/raw_impressions.parquet
2026-04-06 13:16:06,957 - __main__ - INFO - Initializing Enterprise PySpark Session for Ad-Tech Pipeline...
2026-04-06 13:16:14,424 - __main__ - INFO - Ingesting raw bid-stream: data/raw/raw_impressions.parquet
2026-04-06 13:16:18,998 - __main__ - INFO - Applying temporal feature transformations...
2026-04-06 13:16:19,228 - __main__ - INFO - Encoding device and domain intent signals...
2026-04-06 13:16:19,452 - __main__ - INFO - Persisting atomic features to: data/processed/features.parquet
2026-04-06 13:16:27,868 - __main__ - INFO - Pipeline Complete. Processed 50000 bidding events.
2026-04-06 13:16:28,184 - __main__ - INFO - Spark session decommissioned.
2026-04-06 13:16:34,128 - __main__ - INFO - Loading processed data...
2026-04-06 13:16:35,152 - __main__ - INFO - Starting MLflow run and training XGBoost model...
2026-04-06 13:16:39,522 - src.api.main - ERROR - Model Load Failure: No such file or directory: '/workspaces/adtech-ctr-mlops-pipeline/mlruns/1/e58e4024c93b4193ba643040ae7dc6c2/artifacts/xgboost-ctr-model'
2026-04-06 13:18:27,771 - src.api.main - ERROR - Model Load Failure: No such file or directory: '/workspaces/adtech-ctr-mlops-pipeline/mlruns/1/e58e4024c93b4193ba643040ae7dc6c2/artifacts/xgboost-ctr-model'
2026-04-06 13:18:31,347 - __main__ - INFO - Generating 50000 rows of realistic ad data...
2026-04-06 13:18:31,369 - __main__ - INFO - Overall CTR: 3.34%
2026-04-06 13:18:31,374 - __main__ - INFO - Mobile CTR: 4.18%
2026-04-06 13:18:31,414 - __main__ - INFO - Raw data successfully saved to data/raw/raw_impressions.parquet
2026-04-06 13:18:31,758 - __main__ - INFO - Initializing Enterprise PySpark Session for Ad-Tech Pipeline...
2026-04-06 13:18:38,814 - __main__ - INFO - Ingesting raw bid-stream: data/raw/raw_impressions.parquet
2026-04-06 13:18:44,619 - __main__ - INFO - Applying temporal feature transformations...
2026-04-06 13:18:44,846 - __main__ - INFO - Encoding device and domain intent signals...
2026-04-06 13:18:45,011 - __main__ - INFO - Persisting atomic features to: data/processed/features.parquet
2026-04-06 13:18:49,975 - __main__ - INFO - Pipeline Complete. Processed 50000 bidding events.
2026-04-06 13:18:50,611 - __main__ - INFO - Spark session decommissioned.
2026-04-06 13:18:53,587 - __main__ - INFO - Starting Model Training Pipeline...
2026-04-06 13:18:53,588 - __main__ - INFO - Loading processed feature set from data/processed/features.parquet
2026-04-06 13:18:53,622 - __main__ - INFO - Feature Set identified: ['ad_spend_cpm', 'hour_of_day', 'is_peak_hour', 'is_mobile', 'is_shopping_site']
2026-04-06 13:18:53,622 - __main__ - INFO - Metadata columns excluded from training: ['user_id', 'event_timestamp']
2026-04-06 13:18:54,256 - __main__ - INFO - Initializing XGBoost Training with MLflow tracking...
2026-04-06 13:18:55,041 - __main__ - INFO - Training Complete. Performance Metrics: {'accuracy': 0.9672, 'roc_auc': 0.6312307402307894, 'f1_score': 0.0, 'precision': 0.0}
2026-04-06 13:18:59,872 - __main__ - INFO - Model artifact successfully persisted to MLflow Registry.
2026-04-06 13:18:59,879 - __main__ - INFO - Training pipeline process exited.
2026-04-06 13:26:41,364 - __main__ - INFO - Generating 50000 rows of realistic ad data...
2026-04-06 13:26:41,388 - __main__ - INFO - Overall CTR: 3.34%
2026-04-06 13:26:41,402 - __main__ - INFO - Mobile CTR: 4.18%
2026-04-06 13:26:41,549 - __main__ - INFO - Raw data successfully saved to data/raw/raw_impressions.parquet
2026-04-06 13:26:42,011 - __main__ - INFO - Initializing Enterprise-Scale PySpark Session...
2026-04-06 13:26:49,022 - __main__ - INFO - Ingesting raw bid-stream: data/raw/raw_impressions.parquet
2026-04-06 13:26:55,485 - __main__ - INFO - Generating temporal signals and event timestamps...
2026-04-06 13:26:55,746 - __main__ - INFO - Encoding high-cardinality device and site signals...
2026-04-06 13:26:55,887 - __main__ - INFO - Persisting Snappy-compressed features to: data/processed/features.parquet
2026-04-06 13:27:01,107 - __main__ - INFO - Pipeline Succeeded. Processed Events: 50000
2026-04-06 13:27:01,765 - __main__ - INFO - Spark session decommissioned.
2026-04-06 13:27:05,750 - __main__ - INFO - Starting Model Training Pipeline...
2026-04-06 13:27:05,752 - __main__ - INFO - Loading processed feature set from data/processed/features.parquet
2026-04-06 13:27:05,846 - __main__ - INFO - Feature Set identified: ['ad_spend_cpm', 'hour_of_day', 'is_peak_hour', 'is_mobile', 'is_shopping_site']
2026-04-06 13:27:05,846 - __main__ - INFO - Metadata columns excluded from training: ['user_id', 'event_timestamp']
2026-04-06 13:27:07,477 - __main__ - INFO - Initializing XGBoost Training with MLflow tracking...
2026-04-06 13:27:07,853 - __main__ - INFO - Training Complete. Performance Metrics: {'accuracy': 0.9672, 'roc_auc': 0.6312307402307894, 'f1_score': 0.0, 'precision': 0.0}
2026-04-06 13:27:12,749 - __main__ - INFO - Model artifact successfully persisted to MLflow Registry.
2026-04-06 13:27:12,757 - __main__ - INFO - Training pipeline process exited.
2026-04-06 13:27:29,614 - src.api.main - INFO - Syncing with MLflow Model Registry...
2026-04-06 13:27:31,934 - src.api.main - INFO - Engine Online: Loaded Run 09207b6c82f64dd4b938959cea6eead8
2026-04-06 13:29:46,849 - src.api.main - ERROR - INFERENCE_ERROR: Failed to enforce schema of data '   ad_spend_cpm  hour_of_day  is_peak_hour  is_mobile  is_shopping_site
0          0.01           13             0          0                 0' with schema '['ad_spend_cpm': double (required), 'hour_of_day': long (required), 'is_peak_hour': integer (required), 'is_mobile': integer (required), 'is_shopping_site': integer (required)]'. Error: Incompatible input types for column is_peak_hour. Can not safely convert int64 to int32.
